2020-08-31 05:57:01:INFO main dbsync.build.DBSyncBuilder - 同步数据开始===>>>2020-08-31 17:57:01
2020-08-31 05:57:01:INFO main dbsync.build.DBSyncBuilder - 0/5 * * * * ?
2020-08-31 05:57:01:INFO main dbsync.task.JobTask - 开始任务执行: 2020-08-31 17:57:01
2020-08-31 05:57:02:INFO main dbsync.MySQLSync.MySQLSync - delete from t_user where id in (1000)
2020-08-31 05:57:02:INFO main dbsync.task.JobTask - 执行耗时: 1067ms
2020-08-31 05:57:02:INFO main dbsync.task.JobTask - 关闭源数据库连接
2020-08-31 05:57:02:ERROR main dbsync.task.JobTask - 数据库连接关闭
2020-08-31 05:57:02:INFO main dbsync.task.JobTask - 关闭目标数据库连接
2020-08-31 05:57:02:ERROR main dbsync.task.JobTask - 数据库连接关闭
2020-08-31 05:57:02:INFO main dbsync.build.DBSyncBuilder - 同步数据结束===>>>2020-08-31 17:57:02
2020-08-31 05:58:16:INFO main dbsync.build.DBSyncBuilder - 同步数据开始===>>>2020-08-31 17:58:16
2020-08-31 05:58:16:INFO main dbsync.build.DBSyncBuilder - 0/5 * * * * ?
2020-08-31 05:58:16:INFO main dbsync.task.JobTask - 开始任务执行: 2020-08-31 17:58:16
2020-08-31 05:58:17:INFO main dbsync.MySQLSync.MySQLSync - delete from t_user where id in (1001)
2020-08-31 05:58:17:INFO main dbsync.task.JobTask - 执行耗时: 1063ms
2020-08-31 05:58:17:INFO main dbsync.task.JobTask - 关闭源数据库连接
2020-08-31 05:58:17:ERROR main dbsync.task.JobTask - 数据库连接关闭
2020-08-31 05:58:17:INFO main dbsync.task.JobTask - 关闭目标数据库连接
2020-08-31 05:58:17:ERROR main dbsync.task.JobTask - 数据库连接关闭
2020-08-31 05:58:17:INFO main dbsync.build.DBSyncBuilder - 同步数据结束===>>>2020-08-31 17:58:17
2020-08-31 06:31:19:INFO main dbsync.build.DBSyncBuilder - 同步数据开始===>>>2020-08-31 18:31:19
2020-08-31 06:31:19:INFO main dbsync.build.DBSyncBuilder - 0/5 * * * * ?
2020-08-31 06:31:19:INFO main dbsync.task.JobTask - 开始任务执行: 2020-08-31 18:31:19
2020-08-31 06:31:20:INFO main dbsync.MySQLSync.MySQLSync - delete from t_user where id in (1007)
2020-08-31 06:31:20:INFO main dbsync.task.JobTask - 执行耗时: 463ms
2020-08-31 06:31:20:INFO main dbsync.task.JobTask - 关闭源数据库连接
2020-08-31 06:31:20:ERROR main dbsync.task.JobTask - 数据库连接关闭
2020-08-31 06:31:20:INFO main dbsync.task.JobTask - 关闭目标数据库连接
2020-08-31 06:31:20:ERROR main dbsync.task.JobTask - 数据库连接关闭
2020-08-31 06:31:20:INFO main dbsync.build.DBSyncBuilder - 同步数据结束===>>>2020-08-31 18:31:20
2020-08-31 06:34:32:INFO main dbsync.build.DBSyncBuilder - 同步数据开始===>>>2020-08-31 18:34:32
2020-08-31 06:34:32:INFO main dbsync.build.DBSyncBuilder - 0/5 * * * * ?
2020-08-31 06:34:32:INFO main dbsync.task.JobTask - 开始任务执行: 2020-08-31 18:34:32
2020-08-31 06:34:32:INFO main dbsync.MySQLSync.MySQLSync - delete from t_user where id < 1008
2020-08-31 06:34:33:INFO main dbsync.task.JobTask - 执行耗时: 373ms
2020-08-31 06:34:33:INFO main dbsync.task.JobTask - 关闭源数据库连接
2020-08-31 06:34:33:ERROR main dbsync.task.JobTask - 数据库连接关闭
2020-08-31 06:34:33:INFO main dbsync.task.JobTask - 关闭目标数据库连接
2020-08-31 06:34:33:ERROR main dbsync.task.JobTask - 数据库连接关闭
2020-08-31 06:34:33:INFO main dbsync.build.DBSyncBuilder - 同步数据结束===>>>2020-08-31 18:34:33
2020-08-31 06:35:01:INFO main dbsync.build.DBSyncBuilder - 同步数据开始===>>>2020-08-31 18:35:01
2020-08-31 06:35:01:INFO main dbsync.build.DBSyncBuilder - 0/5 * * * * ?
2020-08-31 06:35:01:INFO main dbsync.task.JobTask - 开始任务执行: 2020-08-31 18:35:01
2020-08-31 06:35:02:INFO main dbsync.MySQLSync.MySQLSync - delete from t_user where id <=1013
2020-08-31 06:35:02:INFO main dbsync.task.JobTask - 执行耗时: 450ms
2020-08-31 06:35:02:INFO main dbsync.task.JobTask - 关闭源数据库连接
2020-08-31 06:35:02:ERROR main dbsync.task.JobTask - 数据库连接关闭
2020-08-31 06:35:02:INFO main dbsync.task.JobTask - 关闭目标数据库连接
2020-08-31 06:35:02:ERROR main dbsync.task.JobTask - 数据库连接关闭
2020-08-31 06:35:02:INFO main dbsync.build.DBSyncBuilder - 同步数据结束===>>>2020-08-31 18:35:02
2020-08-31 06:52:09:INFO main dbsync.build.DBSyncBuilder - 同步数据开始===>>>2020-08-31 18:52:09
2020-08-31 06:52:09:INFO main dbsync.build.DBSyncBuilder - 0/5 * * * * ?
2020-08-31 06:52:09:INFO main dbsync.task.JobTask - 开始任务执行: 2020-08-31 18:52:09
2020-08-31 06:52:10:INFO main dbsync.MySQLSync.MySQLSync - delete from t_user where id <=1019
2020-08-31 06:52:10:ERROR main dbsync.task.JobTask - [4500000001]1 Operation not allowed after ResultSet closed
2020-08-31 06:52:10:ERROR main dbsync.task.JobTask - [4500000001]1  SQL执行出错，请检查是否存在语法错误
2020-08-31 06:52:10:INFO main dbsync.task.JobTask - 关闭源数据库连接
2020-08-31 06:52:10:ERROR main dbsync.task.JobTask - 数据库连接关闭
2020-08-31 06:52:10:INFO main dbsync.task.JobTask - 关闭目标数据库连接
2020-08-31 06:52:10:ERROR main dbsync.task.JobTask - 数据库连接关闭
2020-08-31 06:53:00:INFO main dbsync.build.DBSyncBuilder - 同步数据开始===>>>2020-08-31 18:53:00
2020-08-31 06:53:00:INFO main dbsync.build.DBSyncBuilder - 0/5 * * * * ?
2020-08-31 06:53:00:INFO main dbsync.task.JobTask - 开始任务执行: 2020-08-31 18:53:00
2020-08-31 06:53:01:INFO main dbsync.MySQLSync.MySQLSync - delete from t_user where id <=1025
2020-08-31 06:53:01:ERROR main dbsync.task.JobTask - [4500000001]1 Operation not allowed after ResultSet closed
2020-08-31 06:53:01:ERROR main dbsync.task.JobTask - [4500000001]1  SQL执行出错，请检查是否存在语法错误
2020-08-31 06:53:01:INFO main dbsync.task.JobTask - 关闭源数据库连接
2020-08-31 06:53:01:ERROR main dbsync.task.JobTask - 数据库连接关闭
2020-08-31 06:53:01:INFO main dbsync.task.JobTask - 关闭目标数据库连接
2020-08-31 06:53:01:ERROR main dbsync.task.JobTask - 数据库连接关闭
2020-08-31 06:54:10:INFO main dbsync.build.DBSyncBuilder - 同步数据开始===>>>2020-08-31 18:54:10
2020-08-31 06:54:11:INFO main dbsync.build.DBSyncBuilder - 0/5 * * * * ?
2020-08-31 06:54:11:INFO main dbsync.task.JobTask - 开始任务执行: 2020-08-31 18:54:11
2020-08-31 06:54:11:INFO main dbsync.MySQLSync.MySQLSync - delete from t_user where id <=1031
2020-08-31 06:54:11:ERROR main dbsync.task.JobTask - [4500000001]1 Operation not allowed after ResultSet closed
2020-08-31 06:54:11:ERROR main dbsync.task.JobTask - [4500000001]1  SQL执行出错，请检查是否存在语法错误
2020-08-31 06:54:11:INFO main dbsync.task.JobTask - 关闭源数据库连接
2020-08-31 06:54:11:ERROR main dbsync.task.JobTask - 数据库连接关闭
2020-08-31 06:54:11:INFO main dbsync.task.JobTask - 关闭目标数据库连接
2020-08-31 06:54:11:ERROR main dbsync.task.JobTask - 数据库连接关闭
2020-08-31 06:56:35:INFO main dbsync.build.DBSyncBuilder - 同步数据开始===>>>2020-08-31 18:56:35
2020-08-31 06:56:35:INFO main dbsync.build.DBSyncBuilder - 0/5 * * * * ?
2020-08-31 06:56:35:INFO main dbsync.task.JobTask - 开始任务执行: 2020-08-31 18:56:35
2020-08-31 06:56:36:INFO main dbsync.MySQLSync.MySQLSync - delete from t_user where id <=1037
2020-08-31 06:56:36:INFO main dbsync.task.JobTask - 关闭源数据库连接
2020-08-31 06:56:36:ERROR main dbsync.task.JobTask - 数据库连接关闭
2020-08-31 06:56:36:INFO main dbsync.task.JobTask - 关闭目标数据库连接
2020-08-31 06:56:36:ERROR main dbsync.task.JobTask - 数据库连接关闭
2020-08-31 06:57:58:INFO main dbsync.build.DBSyncBuilder - 同步数据开始===>>>2020-08-31 18:57:58
2020-08-31 06:57:58:INFO main dbsync.build.DBSyncBuilder - 0/5 * * * * ?
2020-08-31 06:57:58:INFO main dbsync.task.JobTask - 开始任务执行: 2020-08-31 18:57:58
2020-08-31 06:57:59:INFO main dbsync.MySQLSync.MySQLSync - delete from t_user where id <=1043
2020-08-31 06:57:59:INFO main dbsync.task.JobTask - 执行耗时: 418ms
2020-08-31 06:57:59:INFO main dbsync.task.JobTask - 关闭源数据库连接
2020-08-31 06:57:59:ERROR main dbsync.task.JobTask - 数据库连接关闭
2020-08-31 06:57:59:INFO main dbsync.task.JobTask - 关闭目标数据库连接
2020-08-31 06:57:59:ERROR main dbsync.task.JobTask - 数据库连接关闭
2020-08-31 06:57:59:INFO main dbsync.build.DBSyncBuilder - 同步数据结束===>>>2020-08-31 18:57:59
2020-08-31 06:58:35:INFO main dbsync.build.DBSyncBuilder - 同步数据开始===>>>2020-08-31 18:58:35
2020-08-31 06:58:35:INFO main dbsync.build.DBSyncBuilder - 0/5 * * * * ?
2020-08-31 06:58:35:INFO main dbsync.task.JobTask - 开始任务执行: 2020-08-31 18:58:35
2020-08-31 06:58:40:INFO main dbsync.MySQLSync.MySQLSync - delete from t_user where id <=1049
2020-08-31 06:58:40:INFO main dbsync.task.JobTask - 执行耗时: 4370ms
2020-08-31 06:58:40:INFO main dbsync.task.JobTask - 关闭源数据库连接
2020-08-31 06:58:40:ERROR main dbsync.task.JobTask - 数据库连接关闭
2020-08-31 06:58:40:INFO main dbsync.task.JobTask - 关闭目标数据库连接
2020-08-31 06:58:40:ERROR main dbsync.task.JobTask - 数据库连接关闭
2020-08-31 06:58:40:INFO main dbsync.build.DBSyncBuilder - 同步数据结束===>>>2020-08-31 18:58:40
2020-08-31 06:59:37:INFO main dbsync.build.DBSyncBuilder - 同步数据开始===>>>2020-08-31 18:59:37
2020-08-31 06:59:38:INFO main dbsync.build.DBSyncBuilder - 0/5 * * * * ?
2020-08-31 06:59:38:INFO main dbsync.task.JobTask - 开始任务执行: 2020-08-31 18:59:38
2020-08-31 06:59:38:INFO main dbsync.MySQLSync.MySQLSync - delete from t_user where id <=1055
2020-08-31 06:59:38:INFO main dbsync.task.JobTask - 执行耗时: 355ms
2020-08-31 06:59:38:INFO main dbsync.task.JobTask - 关闭源数据库连接
2020-08-31 06:59:38:ERROR main dbsync.task.JobTask - 数据库连接关闭
2020-08-31 06:59:38:INFO main dbsync.task.JobTask - 关闭目标数据库连接
2020-08-31 06:59:38:ERROR main dbsync.task.JobTask - 数据库连接关闭
2020-08-31 06:59:38:INFO main dbsync.build.DBSyncBuilder - 同步数据结束===>>>2020-08-31 18:59:38
2020-08-31 07:00:06:INFO main dbsync.build.DBSyncBuilder - 同步数据开始===>>>2020-08-31 19:00:06
2020-08-31 07:00:06:INFO main dbsync.build.DBSyncBuilder - 0/5 * * * * ?
2020-08-31 07:00:06:INFO main dbsync.task.JobTask - 开始任务执行: 2020-08-31 19:00:06
2020-08-31 07:00:34:INFO main dbsync.MySQLSync.MySQLSync - delete from t_user where id <=1061
2020-08-31 07:01:17:INFO main dbsync.build.DBSyncBuilder - 同步数据开始===>>>2020-08-31 19:01:17
2020-08-31 07:01:18:INFO main dbsync.build.DBSyncBuilder - 0/5 * * * * ?
2020-08-31 07:01:18:INFO main dbsync.task.JobTask - 开始任务执行: 2020-08-31 19:01:18
2020-08-31 07:01:18:INFO main dbsync.MySQLSync.MySQLSync - delete from t_user where id <=1067
2020-08-31 07:01:19:INFO main dbsync.MySQLSync.MySQLSync - delete from t_user where id <=1073
2020-08-31 07:01:19:INFO main dbsync.MySQLSync.MySQLSync - delete from t_user where id <=1079
2020-08-31 07:01:19:INFO main dbsync.MySQLSync.MySQLSync - delete from t_user where id <=1085
2020-08-31 07:01:20:INFO main dbsync.MySQLSync.MySQLSync - delete from t_user where id <=1091
2020-08-31 07:01:20:INFO main dbsync.MySQLSync.MySQLSync - delete from t_user where id <=1097
2020-08-31 07:01:21:INFO main dbsync.MySQLSync.MySQLSync - delete from t_user where id <=1103
2020-08-31 07:01:21:INFO main dbsync.MySQLSync.MySQLSync - delete from t_user where id <=1109
2020-08-31 07:01:22:INFO main dbsync.MySQLSync.MySQLSync - delete from t_user where id <=1115
2020-08-31 07:01:22:INFO main dbsync.MySQLSync.MySQLSync - delete from t_user where id <=1121
2020-08-31 07:01:23:INFO main dbsync.MySQLSync.MySQLSync - delete from t_user where id <=1127
2020-08-31 07:01:23:INFO main dbsync.MySQLSync.MySQLSync - delete from t_user where id <=1133
2020-08-31 07:01:23:INFO main dbsync.MySQLSync.MySQLSync - delete from t_user where id <=1139
2020-08-31 07:01:24:INFO main dbsync.MySQLSync.MySQLSync - delete from t_user where id <=1145
2020-08-31 07:01:24:INFO main dbsync.MySQLSync.MySQLSync - delete from t_user where id <=1151
2020-08-31 07:01:25:INFO main dbsync.MySQLSync.MySQLSync - delete from t_user where id <=1157
2020-08-31 07:01:25:INFO main dbsync.MySQLSync.MySQLSync - delete from t_user where id <=1163
2020-08-31 07:01:26:INFO main dbsync.MySQLSync.MySQLSync - delete from t_user where id <=1169
2020-08-31 07:01:26:INFO main dbsync.MySQLSync.MySQLSync - delete from t_user where id <=1175
2020-08-31 07:01:26:INFO main dbsync.MySQLSync.MySQLSync - delete from t_user where id <=1181
2020-08-31 07:01:27:INFO main dbsync.MySQLSync.MySQLSync - delete from t_user where id <=1187
2020-08-31 07:01:27:INFO main dbsync.MySQLSync.MySQLSync - delete from t_user where id <=1193
2020-08-31 07:01:28:INFO main dbsync.MySQLSync.MySQLSync - delete from t_user where id <=1199
2020-08-31 07:01:28:INFO main dbsync.MySQLSync.MySQLSync - delete from t_user where id <=1205
2020-08-31 07:01:29:INFO main dbsync.MySQLSync.MySQLSync - delete from t_user where id <=1211
2020-08-31 07:01:29:INFO main dbsync.MySQLSync.MySQLSync - delete from t_user where id <=1217
2020-08-31 07:01:30:INFO main dbsync.MySQLSync.MySQLSync - delete from t_user where id <=1223
2020-08-31 07:01:30:INFO main dbsync.MySQLSync.MySQLSync - delete from t_user where id <=1229
2020-08-31 07:01:30:INFO main dbsync.MySQLSync.MySQLSync - delete from t_user where id <=1235
2020-08-31 07:01:31:INFO main dbsync.MySQLSync.MySQLSync - delete from t_user where id <=1241
2020-08-31 07:01:31:INFO main dbsync.MySQLSync.MySQLSync - delete from t_user where id <=1247
2020-08-31 07:01:32:INFO main dbsync.MySQLSync.MySQLSync - delete from t_user where id <=1253
2020-08-31 07:01:32:INFO main dbsync.MySQLSync.MySQLSync - delete from t_user where id <=1259
2020-08-31 07:01:33:INFO main dbsync.MySQLSync.MySQLSync - delete from t_user where id <=1265
2020-08-31 07:01:33:INFO main dbsync.MySQLSync.MySQLSync - delete from t_user where id <=1271
2020-08-31 07:01:34:INFO main dbsync.MySQLSync.MySQLSync - delete from t_user where id <=1277
2020-08-31 07:01:34:INFO main dbsync.MySQLSync.MySQLSync - delete from t_user where id <=1283
2020-08-31 07:01:35:INFO main dbsync.MySQLSync.MySQLSync - delete from t_user where id <=1289
2020-08-31 07:01:36:INFO main dbsync.MySQLSync.MySQLSync - delete from t_user where id <=1295
2020-08-31 07:01:36:INFO main dbsync.MySQLSync.MySQLSync - delete from t_user where id <=1301
2020-08-31 07:01:37:INFO main dbsync.MySQLSync.MySQLSync - delete from t_user where id <=1307
2020-08-31 07:01:37:INFO main dbsync.MySQLSync.MySQLSync - delete from t_user where id <=1313
2020-08-31 07:01:38:INFO main dbsync.MySQLSync.MySQLSync - delete from t_user where id <=1319
2020-08-31 07:01:38:INFO main dbsync.MySQLSync.MySQLSync - delete from t_user where id <=1325
2020-08-31 07:01:38:INFO main dbsync.MySQLSync.MySQLSync - delete from t_user where id <=1331
2020-08-31 07:01:39:INFO main dbsync.MySQLSync.MySQLSync - delete from t_user where id <=1337
2020-08-31 07:01:39:INFO main dbsync.MySQLSync.MySQLSync - delete from t_user where id <=1343
2020-08-31 07:01:40:ERROR main dbsync.task.JobTask - [4500000001]1 Error on rename of '.\test_prod\#sql-ad8_4d.frm' to '.\test_prod\t_user.frm' (Errcode: 13 - Permission denied)
2020-08-31 07:01:40:ERROR main dbsync.task.JobTask - [4500000001]1  SQL执行出错，请检查是否存在语法错误
2020-08-31 07:01:40:INFO main dbsync.task.JobTask - 关闭源数据库连接
2020-08-31 07:01:40:ERROR main dbsync.task.JobTask - 数据库连接关闭
2020-08-31 07:01:40:INFO main dbsync.task.JobTask - 关闭目标数据库连接
2020-08-31 07:01:40:ERROR main dbsync.task.JobTask - 数据库连接关闭
2020-08-31 07:03:58:INFO main dbsync.build.DBSyncBuilder - 同步数据开始===>>>2020-08-31 19:03:58
2020-08-31 07:03:59:INFO main dbsync.build.DBSyncBuilder - 0/5 * * * * ?
2020-08-31 07:03:59:INFO main dbsync.task.JobTask - 开始任务执行: 2020-08-31 19:03:59
2020-08-31 07:03:59:INFO main dbsync.MySQLSync.MySQLSync - delete from t_user where id <=1403
2020-08-31 07:04:00:INFO main dbsync.MySQLSync.MySQLSync - delete from t_user where id <=1463
2020-08-31 07:04:00:INFO main dbsync.MySQLSync.MySQLSync - delete from t_user where id <=1523
2020-08-31 07:04:01:INFO main dbsync.MySQLSync.MySQLSync - delete from t_user where id <=1583
2020-08-31 07:04:01:INFO main dbsync.MySQLSync.MySQLSync - delete from t_user where id <=1643
2020-08-31 07:04:02:INFO main dbsync.MySQLSync.MySQLSync - delete from t_user where id <=1703
2020-08-31 07:04:02:INFO main dbsync.MySQLSync.MySQLSync - delete from t_user where id <=1763
2020-08-31 07:04:03:INFO main dbsync.MySQLSync.MySQLSync - delete from t_user where id <=1823
2020-08-31 07:04:03:INFO main dbsync.MySQLSync.MySQLSync - delete from t_user where id <=1883
2020-08-31 07:04:03:INFO main dbsync.MySQLSync.MySQLSync - delete from t_user where id <=1943
2020-08-31 07:04:04:INFO main dbsync.MySQLSync.MySQLSync - delete from t_user where id <=2003
2020-08-31 07:04:04:INFO main dbsync.MySQLSync.MySQLSync - delete from t_user where id <=2063
2020-08-31 07:04:05:INFO main dbsync.MySQLSync.MySQLSync - delete from t_user where id <=2123
2020-08-31 07:04:06:INFO main dbsync.MySQLSync.MySQLSync - delete from t_user where id <=2183
2020-08-31 07:04:06:INFO main dbsync.MySQLSync.MySQLSync - delete from t_user where id <=2243
2020-08-31 07:04:07:INFO main dbsync.MySQLSync.MySQLSync - delete from t_user where id <=2303
2020-08-31 07:04:07:INFO main dbsync.MySQLSync.MySQLSync - delete from t_user where id <=2363
2020-08-31 07:04:07:INFO main dbsync.MySQLSync.MySQLSync - delete from t_user where id <=2423
2020-08-31 07:04:08:INFO main dbsync.MySQLSync.MySQLSync - delete from t_user where id <=2483
2020-08-31 07:04:08:INFO main dbsync.MySQLSync.MySQLSync - delete from t_user where id <=2543
2020-08-31 07:04:09:INFO main dbsync.MySQLSync.MySQLSync - delete from t_user where id <=2603
2020-08-31 07:04:09:INFO main dbsync.MySQLSync.MySQLSync - delete from t_user where id <=2663
2020-08-31 07:04:10:INFO main dbsync.MySQLSync.MySQLSync - delete from t_user where id <=2723
2020-08-31 07:04:10:INFO main dbsync.MySQLSync.MySQLSync - delete from t_user where id <=2783
2020-08-31 07:04:11:INFO main dbsync.MySQLSync.MySQLSync - delete from t_user where id <=2843
2020-08-31 07:04:11:INFO main dbsync.MySQLSync.MySQLSync - delete from t_user where id <=2903
2020-08-31 07:04:12:INFO main dbsync.MySQLSync.MySQLSync - delete from t_user where id <=2963
2020-08-31 07:04:13:INFO main dbsync.MySQLSync.MySQLSync - delete from t_user where id <=3023
2020-08-31 07:04:13:INFO main dbsync.MySQLSync.MySQLSync - delete from t_user where id <=3083
2020-08-31 07:04:14:INFO main dbsync.MySQLSync.MySQLSync - delete from t_user where id <=3143
2020-08-31 07:04:14:INFO main dbsync.MySQLSync.MySQLSync - delete from t_user where id <=3203
2020-08-31 07:04:15:INFO main dbsync.MySQLSync.MySQLSync - delete from t_user where id <=3263
2020-08-31 07:04:15:INFO main dbsync.MySQLSync.MySQLSync - delete from t_user where id <=3323
2020-08-31 07:04:16:INFO main dbsync.MySQLSync.MySQLSync - delete from t_user where id <=3383
2020-08-31 07:04:16:INFO main dbsync.MySQLSync.MySQLSync - delete from t_user where id <=3443
2020-08-31 07:04:17:INFO main dbsync.MySQLSync.MySQLSync - delete from t_user where id <=3503
2020-08-31 07:04:17:INFO main dbsync.MySQLSync.MySQLSync - delete from t_user where id <=3563
2020-08-31 07:04:18:INFO main dbsync.MySQLSync.MySQLSync - delete from t_user where id <=3623
2020-08-31 07:04:19:INFO main dbsync.MySQLSync.MySQLSync - delete from t_user where id <=3683
2020-08-31 07:04:19:INFO main dbsync.MySQLSync.MySQLSync - delete from t_user where id <=3743
2020-08-31 07:04:20:INFO main dbsync.MySQLSync.MySQLSync - delete from t_user where id <=3803
2020-08-31 07:04:20:INFO main dbsync.MySQLSync.MySQLSync - delete from t_user where id <=3863
2020-08-31 07:04:21:INFO main dbsync.MySQLSync.MySQLSync - delete from t_user where id <=3923
2020-08-31 07:04:21:INFO main dbsync.MySQLSync.MySQLSync - delete from t_user where id <=3983
2020-08-31 07:04:22:INFO main dbsync.MySQLSync.MySQLSync - delete from t_user where id <=4043
2020-08-31 07:04:23:INFO main dbsync.MySQLSync.MySQLSync - delete from t_user where id <=4103
2020-08-31 07:04:23:INFO main dbsync.MySQLSync.MySQLSync - delete from t_user where id <=4163
2020-08-31 07:04:24:INFO main dbsync.MySQLSync.MySQLSync - delete from t_user where id <=4223
2020-08-31 07:04:25:INFO main dbsync.MySQLSync.MySQLSync - delete from t_user where id <=4283
2020-08-31 07:04:25:INFO main dbsync.MySQLSync.MySQLSync - delete from t_user where id <=4343
2020-08-31 07:04:26:INFO main dbsync.MySQLSync.MySQLSync - delete from t_user where id <=4403
2020-08-31 07:04:26:INFO main dbsync.MySQLSync.MySQLSync - delete from t_user where id <=4463
2020-08-31 07:04:27:INFO main dbsync.MySQLSync.MySQLSync - delete from t_user where id <=4523
2020-08-31 07:04:27:INFO main dbsync.MySQLSync.MySQLSync - delete from t_user where id <=4583
2020-08-31 07:04:28:INFO main dbsync.MySQLSync.MySQLSync - delete from t_user where id <=4643
2020-08-31 07:04:28:INFO main dbsync.MySQLSync.MySQLSync - delete from t_user where id <=4703
2020-08-31 07:04:29:INFO main dbsync.MySQLSync.MySQLSync - delete from t_user where id <=4763
2020-08-31 07:04:30:INFO main dbsync.MySQLSync.MySQLSync - delete from t_user where id <=4823
2020-08-31 07:04:30:INFO main dbsync.MySQLSync.MySQLSync - delete from t_user where id <=4883
2020-08-31 07:04:31:INFO main dbsync.MySQLSync.MySQLSync - delete from t_user where id <=4943
2020-08-31 07:04:32:INFO main dbsync.MySQLSync.MySQLSync - delete from t_user where id <=5003
2020-08-31 07:04:32:INFO main dbsync.MySQLSync.MySQLSync - delete from t_user where id <=5063
2020-08-31 07:04:33:INFO main dbsync.MySQLSync.MySQLSync - delete from t_user where id <=5123
2020-08-31 07:04:34:INFO main dbsync.MySQLSync.MySQLSync - delete from t_user where id <=5183
2020-08-31 07:04:34:INFO main dbsync.MySQLSync.MySQLSync - delete from t_user where id <=5243
2020-08-31 07:04:35:INFO main dbsync.MySQLSync.MySQLSync - delete from t_user where id <=5303
2020-08-31 07:04:35:INFO main dbsync.MySQLSync.MySQLSync - delete from t_user where id <=5363
2020-08-31 07:04:36:INFO main dbsync.MySQLSync.MySQLSync - delete from t_user where id <=5423
2020-08-31 07:04:37:INFO main dbsync.MySQLSync.MySQLSync - delete from t_user where id <=5483
2020-08-31 07:04:38:INFO main dbsync.MySQLSync.MySQLSync - delete from t_user where id <=5543
2020-08-31 07:04:38:INFO main dbsync.MySQLSync.MySQLSync - delete from t_user where id <=5603
2020-08-31 07:04:39:INFO main dbsync.MySQLSync.MySQLSync - delete from t_user where id <=5663
2020-08-31 07:04:40:INFO main dbsync.MySQLSync.MySQLSync - delete from t_user where id <=5723
2020-08-31 07:04:40:INFO main dbsync.MySQLSync.MySQLSync - delete from t_user where id <=5783
2020-08-31 07:04:41:INFO main dbsync.MySQLSync.MySQLSync - delete from t_user where id <=5843
2020-08-31 07:04:41:INFO main dbsync.MySQLSync.MySQLSync - delete from t_user where id <=5903
2020-08-31 07:04:42:INFO main dbsync.MySQLSync.MySQLSync - delete from t_user where id <=5963
2020-08-31 07:04:43:INFO main dbsync.MySQLSync.MySQLSync - delete from t_user where id <=6023
2020-08-31 07:04:43:INFO main dbsync.MySQLSync.MySQLSync - delete from t_user where id <=6083
2020-08-31 07:04:44:INFO main dbsync.MySQLSync.MySQLSync - delete from t_user where id <=6143
2020-08-31 07:04:45:INFO main dbsync.MySQLSync.MySQLSync - delete from t_user where id <=6203
2020-08-31 07:04:45:INFO main dbsync.MySQLSync.MySQLSync - delete from t_user where id <=6263
2020-08-31 07:04:46:INFO main dbsync.MySQLSync.MySQLSync - delete from t_user where id <=6323
2020-08-31 07:04:47:INFO main dbsync.MySQLSync.MySQLSync - delete from t_user where id <=6383
2020-08-31 07:04:47:INFO main dbsync.MySQLSync.MySQLSync - delete from t_user where id <=6443
2020-08-31 07:04:48:INFO main dbsync.MySQLSync.MySQLSync - delete from t_user where id <=6503
2020-08-31 07:04:49:INFO main dbsync.MySQLSync.MySQLSync - delete from t_user where id <=6563
2020-08-31 07:04:49:INFO main dbsync.MySQLSync.MySQLSync - delete from t_user where id <=6623
2020-08-31 07:04:50:INFO main dbsync.MySQLSync.MySQLSync - delete from t_user where id <=6683
2020-08-31 07:04:51:INFO main dbsync.MySQLSync.MySQLSync - delete from t_user where id <=6743
2020-08-31 07:04:52:INFO main dbsync.MySQLSync.MySQLSync - delete from t_user where id <=6803
2020-08-31 07:04:52:INFO main dbsync.MySQLSync.MySQLSync - delete from t_user where id <=6863
2020-08-31 07:04:53:INFO main dbsync.MySQLSync.MySQLSync - delete from t_user where id <=6923
2020-08-31 07:04:54:INFO main dbsync.MySQLSync.MySQLSync - delete from t_user where id <=6983
2020-08-31 07:04:54:INFO main dbsync.MySQLSync.MySQLSync - delete from t_user where id <=7043
2020-08-31 07:04:55:INFO main dbsync.MySQLSync.MySQLSync - delete from t_user where id <=7103
2020-08-31 07:04:56:INFO main dbsync.MySQLSync.MySQLSync - delete from t_user where id <=7163
2020-08-31 07:04:56:INFO main dbsync.MySQLSync.MySQLSync - delete from t_user where id <=7223
2020-08-31 07:04:57:INFO main dbsync.MySQLSync.MySQLSync - delete from t_user where id <=7283
2020-08-31 07:04:58:INFO main dbsync.MySQLSync.MySQLSync - delete from t_user where id <=7343
2020-08-31 07:04:58:INFO main dbsync.MySQLSync.MySQLSync - delete from t_user where id <=7403
2020-08-31 07:04:59:INFO main dbsync.MySQLSync.MySQLSync - delete from t_user where id <=7463
2020-08-31 07:05:00:INFO main dbsync.MySQLSync.MySQLSync - delete from t_user where id <=7523
2020-08-31 07:05:00:INFO main dbsync.MySQLSync.MySQLSync - delete from t_user where id <=7583
2020-08-31 07:05:01:INFO main dbsync.MySQLSync.MySQLSync - delete from t_user where id <=7643
2020-08-31 07:05:02:INFO main dbsync.MySQLSync.MySQLSync - delete from t_user where id <=7703
2020-08-31 07:05:02:INFO main dbsync.MySQLSync.MySQLSync - delete from t_user where id <=7763
2020-08-31 07:05:03:INFO main dbsync.MySQLSync.MySQLSync - delete from t_user where id <=7823
2020-08-31 07:05:03:INFO main dbsync.MySQLSync.MySQLSync - delete from t_user where id <=7883
2020-08-31 07:05:04:INFO main dbsync.MySQLSync.MySQLSync - delete from t_user where id <=7943
2020-08-31 07:05:05:INFO main dbsync.MySQLSync.MySQLSync - delete from t_user where id <=8003
2020-08-31 07:05:06:INFO main dbsync.MySQLSync.MySQLSync - delete from t_user where id <=8063
2020-08-31 07:05:07:INFO main dbsync.MySQLSync.MySQLSync - delete from t_user where id <=8123
2020-08-31 07:05:08:INFO main dbsync.MySQLSync.MySQLSync - delete from t_user where id <=8183
2020-08-31 07:05:08:INFO main dbsync.MySQLSync.MySQLSync - delete from t_user where id <=8243
2020-08-31 07:05:09:INFO main dbsync.MySQLSync.MySQLSync - delete from t_user where id <=8303
2020-08-31 07:05:10:INFO main dbsync.MySQLSync.MySQLSync - delete from t_user where id <=8363
2020-08-31 07:05:11:INFO main dbsync.MySQLSync.MySQLSync - delete from t_user where id <=8423
2020-08-31 07:05:11:INFO main dbsync.MySQLSync.MySQLSync - delete from t_user where id <=8483
2020-08-31 07:05:12:INFO main dbsync.MySQLSync.MySQLSync - delete from t_user where id <=8543
2020-08-31 07:05:13:INFO main dbsync.MySQLSync.MySQLSync - delete from t_user where id <=8603
2020-08-31 07:05:13:INFO main dbsync.MySQLSync.MySQLSync - delete from t_user where id <=8663
2020-08-31 07:05:14:INFO main dbsync.MySQLSync.MySQLSync - delete from t_user where id <=8723
2020-08-31 07:05:15:INFO main dbsync.MySQLSync.MySQLSync - delete from t_user where id <=8783
2020-08-31 07:05:16:INFO main dbsync.MySQLSync.MySQLSync - delete from t_user where id <=8843
2020-08-31 07:05:16:INFO main dbsync.MySQLSync.MySQLSync - delete from t_user where id <=8903
2020-08-31 07:05:17:INFO main dbsync.MySQLSync.MySQLSync - delete from t_user where id <=8963
2020-08-31 07:05:18:INFO main dbsync.MySQLSync.MySQLSync - delete from t_user where id <=9023
2020-08-31 07:05:18:INFO main dbsync.MySQLSync.MySQLSync - delete from t_user where id <=9083
2020-08-31 07:05:19:INFO main dbsync.MySQLSync.MySQLSync - delete from t_user where id <=9143
2020-08-31 07:05:20:INFO main dbsync.MySQLSync.MySQLSync - delete from t_user where id <=9203
2020-08-31 07:05:21:INFO main dbsync.MySQLSync.MySQLSync - delete from t_user where id <=9263
2020-08-31 07:05:21:INFO main dbsync.MySQLSync.MySQLSync - delete from t_user where id <=9323
2020-08-31 07:05:22:INFO main dbsync.MySQLSync.MySQLSync - delete from t_user where id <=9383
2020-08-31 07:05:23:INFO main dbsync.MySQLSync.MySQLSync - delete from t_user where id <=9443
2020-08-31 07:05:24:INFO main dbsync.MySQLSync.MySQLSync - delete from t_user where id <=9503
2020-08-31 07:05:24:INFO main dbsync.MySQLSync.MySQLSync - delete from t_user where id <=9563
2020-08-31 07:05:25:INFO main dbsync.MySQLSync.MySQLSync - delete from t_user where id <=9623
2020-08-31 07:05:26:INFO main dbsync.MySQLSync.MySQLSync - delete from t_user where id <=9683
2020-08-31 07:05:27:INFO main dbsync.MySQLSync.MySQLSync - delete from t_user where id <=9743
2020-08-31 07:05:27:INFO main dbsync.MySQLSync.MySQLSync - delete from t_user where id <=9803
2020-08-31 07:05:28:INFO main dbsync.MySQLSync.MySQLSync - delete from t_user where id <=9863
2020-08-31 07:05:29:INFO main dbsync.MySQLSync.MySQLSync - delete from t_user where id <=9923
2020-08-31 07:05:30:INFO main dbsync.MySQLSync.MySQLSync - delete from t_user where id <=9983
2020-08-31 07:05:31:INFO main dbsync.MySQLSync.MySQLSync - delete from t_user where id <=10043
2020-08-31 07:05:31:INFO main dbsync.MySQLSync.MySQLSync - delete from t_user where id <=10103
2020-08-31 07:05:32:INFO main dbsync.MySQLSync.MySQLSync - delete from t_user where id <=10163
2020-08-31 07:05:33:INFO main dbsync.MySQLSync.MySQLSync - delete from t_user where id <=10223
2020-08-31 07:05:34:INFO main dbsync.MySQLSync.MySQLSync - delete from t_user where id <=10283
2020-08-31 07:05:34:INFO main dbsync.MySQLSync.MySQLSync - delete from t_user where id <=10343
2020-08-31 07:05:35:INFO main dbsync.MySQLSync.MySQLSync - delete from t_user where id <=10403
2020-08-31 07:05:36:INFO main dbsync.MySQLSync.MySQLSync - delete from t_user where id <=10463
2020-08-31 07:05:37:INFO main dbsync.MySQLSync.MySQLSync - delete from t_user where id <=10523
2020-08-31 07:05:38:INFO main dbsync.MySQLSync.MySQLSync - delete from t_user where id <=10583
2020-08-31 07:05:38:INFO main dbsync.MySQLSync.MySQLSync - delete from t_user where id <=10643
2020-08-31 07:05:39:INFO main dbsync.MySQLSync.MySQLSync - delete from t_user where id <=10703
2020-08-31 07:05:40:INFO main dbsync.MySQLSync.MySQLSync - delete from t_user where id <=10763
2020-08-31 07:05:41:INFO main dbsync.MySQLSync.MySQLSync - delete from t_user where id <=10823
2020-08-31 07:05:41:INFO main dbsync.MySQLSync.MySQLSync - delete from t_user where id <=10883
2020-08-31 07:05:42:INFO main dbsync.MySQLSync.MySQLSync - delete from t_user where id <=10943
2020-08-31 07:05:43:INFO main dbsync.MySQLSync.MySQLSync - delete from t_user where id <=11003
2020-08-31 07:05:44:INFO main dbsync.MySQLSync.MySQLSync - delete from t_user where id <=11063
2020-08-31 07:05:44:INFO main dbsync.MySQLSync.MySQLSync - delete from t_user where id <=11123
2020-08-31 07:05:45:INFO main dbsync.MySQLSync.MySQLSync - delete from t_user where id <=11183
2020-08-31 07:05:46:INFO main dbsync.MySQLSync.MySQLSync - delete from t_user where id <=11243
2020-08-31 07:05:47:INFO main dbsync.MySQLSync.MySQLSync - delete from t_user where id <=11303
2020-08-31 07:05:47:INFO main dbsync.MySQLSync.MySQLSync - delete from t_user where id <=11363
2020-08-31 07:05:49:INFO main dbsync.MySQLSync.MySQLSync - delete from t_user where id <=11423
2020-08-31 07:05:50:INFO main dbsync.MySQLSync.MySQLSync - delete from t_user where id <=11483
2020-08-31 07:05:51:INFO main dbsync.MySQLSync.MySQLSync - delete from t_user where id <=11543
2020-08-31 07:05:52:INFO main dbsync.MySQLSync.MySQLSync - delete from t_user where id <=11603
2020-08-31 07:05:53:INFO main dbsync.MySQLSync.MySQLSync - delete from t_user where id <=11663
2020-08-31 07:05:54:INFO main dbsync.MySQLSync.MySQLSync - delete from t_user where id <=11723
2020-08-31 07:05:55:INFO main dbsync.MySQLSync.MySQLSync - delete from t_user where id <=11783
2020-08-31 07:05:56:INFO main dbsync.MySQLSync.MySQLSync - delete from t_user where id <=11843
2020-08-31 07:05:56:INFO main dbsync.MySQLSync.MySQLSync - delete from t_user where id <=11903
2020-08-31 07:05:57:INFO main dbsync.MySQLSync.MySQLSync - delete from t_user where id <=11963
2020-08-31 07:05:58:INFO main dbsync.MySQLSync.MySQLSync - delete from t_user where id <=12023
2020-08-31 07:05:59:INFO main dbsync.MySQLSync.MySQLSync - delete from t_user where id <=12083
2020-08-31 07:05:59:INFO main dbsync.MySQLSync.MySQLSync - delete from t_user where id <=12143
2020-08-31 07:06:00:INFO main dbsync.MySQLSync.MySQLSync - delete from t_user where id <=12203
2020-08-31 07:06:01:INFO main dbsync.MySQLSync.MySQLSync - delete from t_user where id <=12263
2020-08-31 07:06:02:INFO main dbsync.MySQLSync.MySQLSync - delete from t_user where id <=12323
2020-08-31 07:06:02:INFO main dbsync.MySQLSync.MySQLSync - delete from t_user where id <=12383
2020-08-31 07:06:03:INFO main dbsync.MySQLSync.MySQLSync - delete from t_user where id <=12443
2020-08-31 07:06:04:INFO main dbsync.MySQLSync.MySQLSync - delete from t_user where id <=12503
2020-08-31 07:06:06:INFO main dbsync.MySQLSync.MySQLSync - delete from t_user where id <=12563
2020-08-31 07:06:07:INFO main dbsync.MySQLSync.MySQLSync - delete from t_user where id <=12623
2020-08-31 07:06:08:INFO main dbsync.MySQLSync.MySQLSync - delete from t_user where id <=12683
2020-08-31 07:06:08:INFO main dbsync.MySQLSync.MySQLSync - delete from t_user where id <=12743
2020-08-31 07:06:09:INFO main dbsync.MySQLSync.MySQLSync - delete from t_user where id <=12803
2020-08-31 07:06:10:INFO main dbsync.MySQLSync.MySQLSync - delete from t_user where id <=12863
2020-08-31 07:06:11:INFO main dbsync.MySQLSync.MySQLSync - delete from t_user where id <=12923
2020-08-31 07:06:12:INFO main dbsync.MySQLSync.MySQLSync - delete from t_user where id <=12983
2020-08-31 07:06:13:INFO main dbsync.MySQLSync.MySQLSync - delete from t_user where id <=13043
2020-08-31 07:06:14:INFO main dbsync.MySQLSync.MySQLSync - delete from t_user where id <=13103
2020-08-31 07:06:14:INFO main dbsync.MySQLSync.MySQLSync - delete from t_user where id <=13163
2020-08-31 07:06:15:INFO main dbsync.MySQLSync.MySQLSync - delete from t_user where id <=13223
2020-08-31 07:06:16:INFO main dbsync.MySQLSync.MySQLSync - delete from t_user where id <=13283
2020-08-31 07:06:17:INFO main dbsync.MySQLSync.MySQLSync - delete from t_user where id <=13343
2020-08-31 07:06:18:INFO main dbsync.MySQLSync.MySQLSync - delete from t_user where id <=13403
2020-08-31 07:06:19:INFO main dbsync.MySQLSync.MySQLSync - delete from t_user where id <=13463
2020-08-31 07:06:20:INFO main dbsync.MySQLSync.MySQLSync - delete from t_user where id <=13523
2020-08-31 07:06:21:INFO main dbsync.MySQLSync.MySQLSync - delete from t_user where id <=13583
2020-08-31 07:06:22:INFO main dbsync.MySQLSync.MySQLSync - delete from t_user where id <=13643
2020-08-31 07:06:23:INFO main dbsync.MySQLSync.MySQLSync - delete from t_user where id <=13703
2020-08-31 07:06:23:INFO main dbsync.MySQLSync.MySQLSync - delete from t_user where id <=13763
2020-08-31 07:06:24:INFO main dbsync.MySQLSync.MySQLSync - delete from t_user where id <=13823
2020-08-31 07:06:25:INFO main dbsync.MySQLSync.MySQLSync - delete from t_user where id <=13883
2020-08-31 07:06:26:INFO main dbsync.MySQLSync.MySQLSync - delete from t_user where id <=13943
2020-08-31 07:06:27:INFO main dbsync.MySQLSync.MySQLSync - delete from t_user where id <=14003
2020-08-31 07:06:28:INFO main dbsync.MySQLSync.MySQLSync - delete from t_user where id <=14063
2020-08-31 07:06:28:INFO main dbsync.MySQLSync.MySQLSync - delete from t_user where id <=14123
2020-08-31 07:06:29:INFO main dbsync.MySQLSync.MySQLSync - delete from t_user where id <=14183
2020-08-31 07:06:30:INFO main dbsync.MySQLSync.MySQLSync - delete from t_user where id <=14243
2020-08-31 07:06:31:INFO main dbsync.MySQLSync.MySQLSync - delete from t_user where id <=14303
2020-08-31 07:06:32:INFO main dbsync.MySQLSync.MySQLSync - delete from t_user where id <=14363
2020-08-31 07:06:32:INFO main dbsync.MySQLSync.MySQLSync - delete from t_user where id <=14423
2020-08-31 07:06:34:INFO main dbsync.MySQLSync.MySQLSync - delete from t_user where id <=14483
2020-08-31 07:06:34:INFO main dbsync.MySQLSync.MySQLSync - delete from t_user where id <=14543
2020-08-31 07:06:35:INFO main dbsync.MySQLSync.MySQLSync - delete from t_user where id <=14603
2020-08-31 07:06:36:INFO main dbsync.MySQLSync.MySQLSync - delete from t_user where id <=14663
2020-08-31 07:06:37:INFO main dbsync.MySQLSync.MySQLSync - delete from t_user where id <=14723
2020-08-31 07:06:38:INFO main dbsync.MySQLSync.MySQLSync - delete from t_user where id <=14783
2020-08-31 07:06:39:INFO main dbsync.MySQLSync.MySQLSync - delete from t_user where id <=14843
2020-08-31 07:06:40:INFO main dbsync.MySQLSync.MySQLSync - delete from t_user where id <=14903
2020-08-31 07:06:41:INFO main dbsync.MySQLSync.MySQLSync - delete from t_user where id <=14963
2020-08-31 07:06:41:INFO main dbsync.MySQLSync.MySQLSync - delete from t_user where id <=15023
2020-08-31 07:06:41:INFO main dbsync.task.JobTask - 执行耗时: 162453ms
2020-08-31 07:06:41:INFO main dbsync.task.JobTask - 关闭源数据库连接
2020-08-31 07:06:41:ERROR main dbsync.task.JobTask - 数据库连接关闭
2020-08-31 07:06:41:INFO main dbsync.task.JobTask - 关闭目标数据库连接
2020-08-31 07:06:41:ERROR main dbsync.task.JobTask - 数据库连接关闭
2020-08-31 07:06:41:INFO main dbsync.build.DBSyncBuilder - 同步数据结束===>>>2020-08-31 19:06:41
2020-08-31 07:10:01:INFO main dbsync.build.DBSyncBuilder - 同步数据开始===>>>2020-08-31 19:10:01
2020-08-31 07:10:01:INFO main dbsync.build.DBSyncBuilder - 0/5 * * * * ?
2020-08-31 07:10:01:INFO main dbsync.task.JobTask - 开始任务执行: 2020-08-31 19:10:01
2020-08-31 07:10:02:INFO main dbsync.MySQLSync.MySQLSync - delete from t_user where id <=15083
2020-08-31 07:10:02:INFO main dbsync.task.JobTask - 执行耗时: 657ms
2020-08-31 07:10:02:INFO main dbsync.task.JobTask - 关闭源数据库连接
2020-08-31 07:10:02:ERROR main dbsync.task.JobTask - 数据库连接关闭
2020-08-31 07:10:02:INFO main dbsync.task.JobTask - 关闭目标数据库连接
2020-08-31 07:10:02:ERROR main dbsync.task.JobTask - 数据库连接关闭
2020-08-31 07:10:02:INFO main dbsync.build.DBSyncBuilder - 同步数据结束===>>>2020-08-31 19:10:02
2020-08-31 07:10:36:INFO main dbsync.build.DBSyncBuilder - 同步数据开始===>>>2020-08-31 19:10:36
2020-08-31 07:10:36:INFO main dbsync.build.DBSyncBuilder - 0/5 * * * * ?
2020-08-31 07:10:36:INFO main dbsync.task.JobTask - 开始任务执行: 2020-08-31 19:10:36
2020-08-31 07:10:37:INFO main dbsync.task.JobTask - 执行耗时: 11ms
2020-08-31 07:10:37:INFO main dbsync.task.JobTask - 关闭源数据库连接
2020-08-31 07:10:37:ERROR main dbsync.task.JobTask - 数据库连接关闭
2020-08-31 07:10:37:INFO main dbsync.task.JobTask - 关闭目标数据库连接
2020-08-31 07:10:37:ERROR main dbsync.task.JobTask - 数据库连接关闭
2020-08-31 07:10:37:INFO main dbsync.build.DBSyncBuilder - 同步数据结束===>>>2020-08-31 19:10:37
2020-08-31 07:10:59:INFO main dbsync.build.DBSyncBuilder - 同步数据开始===>>>2020-08-31 19:10:59
2020-08-31 07:11:00:INFO main dbsync.build.DBSyncBuilder - 0/5 * * * * ?
2020-08-31 07:11:00:INFO main dbsync.task.JobTask - 开始任务执行: 2020-08-31 19:11:00
2020-08-31 07:11:00:INFO main dbsync.task.JobTask - 执行耗时: 16ms
2020-08-31 07:11:00:INFO main dbsync.task.JobTask - 关闭源数据库连接
2020-08-31 07:11:00:ERROR main dbsync.task.JobTask - 数据库连接关闭
2020-08-31 07:11:00:INFO main dbsync.task.JobTask - 关闭目标数据库连接
2020-08-31 07:11:00:ERROR main dbsync.task.JobTask - 数据库连接关闭
2020-08-31 07:11:00:INFO main dbsync.build.DBSyncBuilder - 同步数据结束===>>>2020-08-31 19:11:00
2020-08-31 07:11:17:INFO main dbsync.build.DBSyncBuilder - 同步数据开始===>>>2020-08-31 19:11:17
2020-08-31 07:11:17:INFO main dbsync.build.DBSyncBuilder - 0/5 * * * * ?
2020-08-31 07:11:17:INFO main dbsync.task.JobTask - 开始任务执行: 2020-08-31 19:11:17
2020-08-31 07:11:22:INFO main dbsync.task.JobTask - 执行耗时: 940ms
2020-08-31 07:11:25:INFO main dbsync.task.JobTask - 关闭源数据库连接
2020-08-31 07:11:26:ERROR main dbsync.task.JobTask - 数据库连接关闭
2020-08-31 07:11:26:INFO main dbsync.task.JobTask - 关闭目标数据库连接
2020-08-31 07:11:27:ERROR main dbsync.task.JobTask - 数据库连接关闭
2020-08-31 07:11:34:INFO main dbsync.build.DBSyncBuilder - 同步数据结束===>>>2020-08-31 19:11:34
2020-08-31 07:13:15:INFO main dbsync.build.DBSyncBuilder - 同步数据开始===>>>2020-08-31 19:13:15
2020-08-31 07:13:15:INFO main dbsync.build.DBSyncBuilder - 0/5 * * * * ?
2020-08-31 07:13:15:INFO main dbsync.task.JobTask - 开始任务执行: 2020-08-31 19:13:15
2020-08-31 07:13:55:INFO main dbsync.task.JobTask - 执行耗时: 35052ms
2020-08-31 07:13:55:INFO main dbsync.task.JobTask - 关闭源数据库连接
2020-08-31 07:13:55:ERROR main dbsync.task.JobTask - 数据库连接关闭
2020-08-31 07:13:55:INFO main dbsync.task.JobTask - 关闭目标数据库连接
2020-08-31 07:13:55:ERROR main dbsync.task.JobTask - 数据库连接关闭
2020-08-31 07:13:55:INFO main dbsync.build.DBSyncBuilder - 同步数据结束===>>>2020-08-31 19:13:55
2020-08-31 07:22:09:INFO main dbsync.build.DBSyncBuilder - 同步数据开始===>>>2020-08-31 19:22:09
2020-08-31 07:22:09:INFO main dbsync.build.DBSyncBuilder - 0/5 * * * * ?
2020-08-31 07:22:09:INFO main dbsync.task.JobTask - 开始任务执行: 2020-08-31 19:22:09
2020-08-31 07:22:10:ERROR main dbsync.MySQLSync.MySQLSync - 删除同步表数据异常:After end of result set
2020-08-31 07:22:10:INFO main dbsync.task.JobTask - 执行耗时: 659ms
2020-08-31 07:22:10:INFO main dbsync.task.JobTask - 关闭源数据库连接
2020-08-31 07:22:10:ERROR main dbsync.task.JobTask - 数据库连接关闭
2020-08-31 07:22:10:INFO main dbsync.task.JobTask - 关闭目标数据库连接
2020-08-31 07:22:10:ERROR main dbsync.task.JobTask - 数据库连接关闭
2020-08-31 07:22:10:INFO main dbsync.build.DBSyncBuilder - 同步数据结束===>>>2020-08-31 19:22:10
2020-08-31 07:24:14:INFO main dbsync.build.DBSyncBuilder - 同步数据开始===>>>2020-08-31 19:24:14
2020-08-31 07:24:14:INFO main dbsync.build.DBSyncBuilder - 0/5 * * * * ?
2020-08-31 07:24:14:INFO main dbsync.task.JobTask - 开始任务执行: 2020-08-31 19:24:14
2020-08-31 07:25:26:ERROR main dbsync.MySQLSync.MySQLSync - 删除同步表数据异常:After end of result set
2020-08-31 07:25:56:INFO main dbsync.task.JobTask - 执行耗时: 90564ms
2020-08-31 07:25:59:INFO main dbsync.task.JobTask - 关闭源数据库连接
2020-08-31 07:26:00:ERROR main dbsync.task.JobTask - 数据库连接关闭
2020-08-31 07:26:00:INFO main dbsync.task.JobTask - 关闭目标数据库连接
2020-08-31 07:26:01:ERROR main dbsync.task.JobTask - 数据库连接关闭
2020-08-31 07:26:04:INFO main dbsync.build.DBSyncBuilder - 同步数据结束===>>>2020-08-31 19:26:04
2020-08-31 07:26:32:INFO main dbsync.build.DBSyncBuilder - 同步数据开始===>>>2020-08-31 19:26:32
2020-08-31 07:26:32:INFO main dbsync.build.DBSyncBuilder - 0/5 * * * * ?
2020-08-31 07:26:32:INFO main dbsync.task.JobTask - 开始任务执行: 2020-08-31 19:26:32
2020-08-31 07:27:20:INFO main dbsync.build.DBSyncBuilder - 同步数据开始===>>>2020-08-31 19:27:20
2020-08-31 07:27:20:INFO main dbsync.build.DBSyncBuilder - 0/5 * * * * ?
2020-08-31 07:27:20:INFO main dbsync.task.JobTask - 开始任务执行: 2020-08-31 19:27:20
2020-08-31 07:27:37:ERROR main dbsync.MySQLSync.MySQLSync - 删除同步表数据异常:After end of result set
2020-08-31 07:27:52:INFO main dbsync.build.DBSyncBuilder - 同步数据开始===>>>2020-08-31 19:27:52
2020-08-31 07:27:52:INFO main dbsync.build.DBSyncBuilder - 0/5 * * * * ?
2020-08-31 07:27:52:INFO main dbsync.task.JobTask - 开始任务执行: 2020-08-31 19:27:52
2020-08-31 07:33:51:ERROR main dbsync.MySQLSync.MySQLSync - 删除同步表数据异常:After end of result set
2020-08-31 07:34:03:INFO main dbsync.task.JobTask - 执行耗时: 370698ms
2020-08-31 07:34:04:INFO main dbsync.task.JobTask - 关闭源数据库连接
2020-08-31 07:34:05:ERROR main dbsync.task.JobTask - 数据库连接关闭
2020-08-31 07:34:06:INFO main dbsync.task.JobTask - 关闭目标数据库连接
2020-08-31 07:34:06:ERROR main dbsync.task.JobTask - 数据库连接关闭
2020-08-31 07:34:07:INFO main dbsync.build.DBSyncBuilder - 同步数据结束===>>>2020-08-31 19:34:07
2020-08-31 07:35:18:INFO main dbsync.build.DBSyncBuilder - 同步数据开始===>>>2020-08-31 19:35:18
2020-08-31 07:35:18:INFO main dbsync.build.DBSyncBuilder - 0/5 * * * * ?
2020-08-31 07:35:18:INFO main dbsync.task.JobTask - 开始任务执行: 2020-08-31 19:35:18
2020-08-31 07:39:13:INFO main dbsync.build.DBSyncBuilder - 同步数据开始===>>>2020-08-31 19:39:13
2020-08-31 07:39:13:INFO main dbsync.build.DBSyncBuilder - 0/5 * * * * ?
2020-08-31 07:39:13:INFO main dbsync.task.JobTask - 开始任务执行: 2020-08-31 19:39:13
2020-08-31 07:40:26:INFO main dbsync.MySQLSync.MySQLSync - delete from t_user where id <=15087
2020-08-31 07:41:32:INFO main dbsync.build.DBSyncBuilder - 同步数据开始===>>>2020-08-31 19:41:32
2020-08-31 07:41:32:INFO main dbsync.build.DBSyncBuilder - 0/5 * * * * ?
2020-08-31 07:41:32:INFO main dbsync.task.JobTask - 开始任务执行: 2020-08-31 19:41:32
2020-08-31 07:41:33:INFO main dbsync.MySQLSync.MySQLSync - delete from t_user where id <=15127
2020-08-31 07:41:33:ERROR main dbsync.MySQLSync.MySQLSync - 删除同步表数据异常:After end of result set
2020-08-31 07:41:33:INFO main dbsync.task.JobTask - 执行耗时: 815ms
2020-08-31 07:41:33:INFO main dbsync.task.JobTask - 关闭源数据库连接
2020-08-31 07:41:33:ERROR main dbsync.task.JobTask - 数据库连接关闭
2020-08-31 07:41:33:INFO main dbsync.task.JobTask - 关闭目标数据库连接
2020-08-31 07:41:33:ERROR main dbsync.task.JobTask - 数据库连接关闭
2020-08-31 07:41:33:INFO main dbsync.build.DBSyncBuilder - 同步数据结束===>>>2020-08-31 19:41:33
2020-08-31 07:42:21:INFO main dbsync.build.DBSyncBuilder - 同步数据开始===>>>2020-08-31 19:42:21
2020-08-31 07:42:21:INFO main dbsync.build.DBSyncBuilder - 0/5 * * * * ?
2020-08-31 07:42:21:INFO main dbsync.task.JobTask - 开始任务执行: 2020-08-31 19:42:21
2020-08-31 07:42:22:ERROR main dbsync.MySQLSync.MySQLSync - 删除同步表数据异常:After end of result set
2020-08-31 07:42:22:INFO main dbsync.task.JobTask - 执行耗时: 359ms
2020-08-31 07:42:22:INFO main dbsync.task.JobTask - 关闭源数据库连接
2020-08-31 07:42:22:ERROR main dbsync.task.JobTask - 数据库连接关闭
2020-08-31 07:42:22:INFO main dbsync.task.JobTask - 关闭目标数据库连接
2020-08-31 07:42:22:ERROR main dbsync.task.JobTask - 数据库连接关闭
2020-08-31 07:42:22:INFO main dbsync.build.DBSyncBuilder - 同步数据结束===>>>2020-08-31 19:42:22
2020-08-31 07:42:58:INFO main dbsync.build.DBSyncBuilder - 同步数据开始===>>>2020-08-31 19:42:58
2020-08-31 07:42:58:INFO main dbsync.build.DBSyncBuilder - 0/5 * * * * ?
2020-08-31 07:42:58:INFO main dbsync.task.JobTask - 开始任务执行: 2020-08-31 19:42:58
2020-08-31 07:45:18:INFO main dbsync.build.DBSyncBuilder - 同步数据开始===>>>2020-08-31 19:45:18
2020-08-31 07:45:18:INFO main dbsync.build.DBSyncBuilder - 0/5 * * * * ?
2020-08-31 07:45:18:INFO main dbsync.task.JobTask - 开始任务执行: 2020-08-31 19:45:18
2020-08-31 08:00:07:INFO main dbsync.build.DBSyncBuilder - 同步数据开始===>>>2020-08-31 20:00:07
2020-08-31 08:00:07:INFO main dbsync.build.DBSyncBuilder - 0/5 * * * * ?
2020-08-31 08:00:07:INFO main dbsync.task.JobTask - 开始任务执行: 2020-08-31 20:00:07
2020-08-31 08:10:31:INFO main dbsync.build.DBSyncBuilder - 同步数据开始===>>>2020-08-31 20:10:31
2020-08-31 08:10:31:INFO main dbsync.build.DBSyncBuilder - 0/5 * * * * ?
2020-08-31 08:10:31:INFO main dbsync.task.JobTask - 开始任务执行: 2020-08-31 20:10:31
2020-08-31 08:10:31:INFO main dbsync.MySQLSync.MySQLSync - 源数据删除完毕！
2020-08-31 08:10:31:ERROR main dbsync.MySQLSync.MySQLSync - 删除同步表数据异常:After end of result set
2020-08-31 08:10:31:INFO main dbsync.task.JobTask - 执行耗时: 318ms
2020-08-31 08:10:31:INFO main dbsync.task.JobTask - 关闭源数据库连接
2020-08-31 08:10:31:ERROR main dbsync.task.JobTask - 数据库连接关闭
2020-08-31 08:10:31:INFO main dbsync.task.JobTask - 关闭目标数据库连接
2020-08-31 08:10:31:ERROR main dbsync.task.JobTask - 数据库连接关闭
2020-08-31 08:10:31:INFO main dbsync.build.DBSyncBuilder - 同步数据结束===>>>2020-08-31 20:10:31
2020-08-31 08:11:30:INFO main dbsync.build.DBSyncBuilder - 同步数据开始===>>>2020-08-31 20:11:30
2020-08-31 08:11:30:INFO main dbsync.build.DBSyncBuilder - 0/5 * * * * ?
2020-08-31 08:11:30:INFO main dbsync.task.JobTask - 开始任务执行: 2020-08-31 20:11:30
2020-08-31 08:11:31:INFO main dbsync.MySQLSync.MySQLSync - 源数据删除完毕！
2020-08-31 08:11:31:INFO main dbsync.task.JobTask - 执行耗时: 435ms
2020-08-31 08:11:31:INFO main dbsync.task.JobTask - 关闭源数据库连接
2020-08-31 08:11:31:ERROR main dbsync.task.JobTask - 数据库连接关闭
2020-08-31 08:11:31:INFO main dbsync.task.JobTask - 关闭目标数据库连接
2020-08-31 08:11:31:ERROR main dbsync.task.JobTask - 数据库连接关闭
2020-08-31 08:11:31:INFO main dbsync.build.DBSyncBuilder - 同步数据结束===>>>2020-08-31 20:11:31
2020-08-31 08:13:04:INFO main dbsync.build.DBSyncBuilder - 同步数据开始===>>>2020-08-31 20:13:04
2020-08-31 08:13:04:INFO main dbsync.build.DBSyncBuilder - 0/5 * * * * ?
2020-08-31 08:13:04:INFO main dbsync.task.JobTask - 开始任务执行: 2020-08-31 20:13:04
2020-08-31 08:13:05:INFO main dbsync.MySQLSync.MySQLSync - delete from t_user where id <=15168
2020-08-31 08:13:06:INFO main dbsync.MySQLSync.MySQLSync - delete from t_user where id <=15208
2020-08-31 08:13:07:INFO main dbsync.MySQLSync.MySQLSync - delete from t_user where id <=15248
2020-08-31 08:13:08:INFO main dbsync.MySQLSync.MySQLSync - delete from t_user where id <=15288
2020-08-31 08:13:09:INFO main dbsync.MySQLSync.MySQLSync - delete from t_user where id <=15328
2020-08-31 08:13:10:INFO main dbsync.MySQLSync.MySQLSync - delete from t_user where id <=15368
2020-08-31 08:13:11:INFO main dbsync.MySQLSync.MySQLSync - delete from t_user where id <=15408
2020-08-31 08:13:12:INFO main dbsync.MySQLSync.MySQLSync - delete from t_user where id <=15448
2020-08-31 08:13:13:INFO main dbsync.MySQLSync.MySQLSync - delete from t_user where id <=15488
2020-08-31 08:13:14:INFO main dbsync.MySQLSync.MySQLSync - delete from t_user where id <=15528
2020-08-31 08:13:14:INFO main dbsync.MySQLSync.MySQLSync - delete from t_user where id <=15568
2020-08-31 08:13:16:INFO main dbsync.MySQLSync.MySQLSync - delete from t_user where id <=15608
2020-08-31 08:13:17:INFO main dbsync.MySQLSync.MySQLSync - delete from t_user where id <=15648
2020-08-31 08:13:17:INFO main dbsync.MySQLSync.MySQLSync - delete from t_user where id <=15688
2020-08-31 08:13:18:INFO main dbsync.MySQLSync.MySQLSync - delete from t_user where id <=15728
2020-08-31 08:13:19:INFO main dbsync.MySQLSync.MySQLSync - delete from t_user where id <=15768
2020-08-31 08:13:20:INFO main dbsync.MySQLSync.MySQLSync - delete from t_user where id <=15808
2020-08-31 08:13:21:INFO main dbsync.MySQLSync.MySQLSync - delete from t_user where id <=15848
2020-08-31 08:13:22:INFO main dbsync.MySQLSync.MySQLSync - delete from t_user where id <=15888
2020-08-31 08:13:23:INFO main dbsync.MySQLSync.MySQLSync - delete from t_user where id <=15928
2020-08-31 08:13:24:INFO main dbsync.MySQLSync.MySQLSync - delete from t_user where id <=15968
2020-08-31 08:13:25:INFO main dbsync.MySQLSync.MySQLSync - delete from t_user where id <=16008
2020-08-31 08:13:26:INFO main dbsync.MySQLSync.MySQLSync - delete from t_user where id <=16048
2020-08-31 08:13:27:INFO main dbsync.MySQLSync.MySQLSync - delete from t_user where id <=16088
2020-08-31 08:13:28:INFO main dbsync.MySQLSync.MySQLSync - delete from t_user where id <=16128
2020-08-31 08:13:28:INFO main dbsync.MySQLSync.MySQLSync - delete from t_user where id <=16168
2020-08-31 08:13:29:INFO main dbsync.MySQLSync.MySQLSync - delete from t_user where id <=16208
2020-08-31 08:13:30:INFO main dbsync.MySQLSync.MySQLSync - delete from t_user where id <=16248
2020-08-31 08:13:31:INFO main dbsync.MySQLSync.MySQLSync - delete from t_user where id <=16288
2020-08-31 08:13:32:INFO main dbsync.MySQLSync.MySQLSync - delete from t_user where id <=16328
2020-08-31 08:13:33:INFO main dbsync.MySQLSync.MySQLSync - delete from t_user where id <=16368
2020-08-31 08:13:34:INFO main dbsync.MySQLSync.MySQLSync - delete from t_user where id <=16408
2020-08-31 08:13:35:INFO main dbsync.MySQLSync.MySQLSync - delete from t_user where id <=16448
2020-08-31 08:13:36:INFO main dbsync.MySQLSync.MySQLSync - delete from t_user where id <=16488
2020-08-31 08:13:37:INFO main dbsync.MySQLSync.MySQLSync - delete from t_user where id <=16528
2020-08-31 08:13:37:INFO main dbsync.MySQLSync.MySQLSync - delete from t_user where id <=16568
2020-08-31 08:13:38:INFO main dbsync.MySQLSync.MySQLSync - delete from t_user where id <=16608
2020-08-31 08:13:39:INFO main dbsync.MySQLSync.MySQLSync - delete from t_user where id <=16648
2020-08-31 08:13:40:INFO main dbsync.MySQLSync.MySQLSync - delete from t_user where id <=16688
2020-08-31 08:13:41:INFO main dbsync.MySQLSync.MySQLSync - delete from t_user where id <=16728
2020-08-31 08:13:42:INFO main dbsync.MySQLSync.MySQLSync - delete from t_user where id <=16768
2020-08-31 08:13:43:INFO main dbsync.MySQLSync.MySQLSync - delete from t_user where id <=16808
2020-08-31 08:13:44:INFO main dbsync.MySQLSync.MySQLSync - delete from t_user where id <=16848
2020-08-31 08:13:45:INFO main dbsync.MySQLSync.MySQLSync - delete from t_user where id <=16888
2020-08-31 08:13:46:INFO main dbsync.MySQLSync.MySQLSync - delete from t_user where id <=16928
2020-08-31 08:13:47:INFO main dbsync.MySQLSync.MySQLSync - delete from t_user where id <=16968
2020-08-31 08:13:48:INFO main dbsync.MySQLSync.MySQLSync - delete from t_user where id <=17008
2020-08-31 08:13:49:INFO main dbsync.MySQLSync.MySQLSync - delete from t_user where id <=17048
2020-08-31 08:13:51:INFO main dbsync.MySQLSync.MySQLSync - delete from t_user where id <=17088
2020-08-31 08:13:52:INFO main dbsync.MySQLSync.MySQLSync - delete from t_user where id <=17128
2020-08-31 08:13:53:INFO main dbsync.MySQLSync.MySQLSync - delete from t_user where id <=17168
2020-08-31 08:13:54:INFO main dbsync.MySQLSync.MySQLSync - delete from t_user where id <=17208
2020-08-31 08:13:55:INFO main dbsync.MySQLSync.MySQLSync - delete from t_user where id <=17248
2020-08-31 08:13:56:INFO main dbsync.MySQLSync.MySQLSync - delete from t_user where id <=17288
2020-08-31 08:13:57:INFO main dbsync.MySQLSync.MySQLSync - delete from t_user where id <=17328
2020-08-31 08:13:58:INFO main dbsync.MySQLSync.MySQLSync - delete from t_user where id <=17368
2020-08-31 08:13:59:INFO main dbsync.MySQLSync.MySQLSync - delete from t_user where id <=17408
2020-08-31 08:14:00:INFO main dbsync.MySQLSync.MySQLSync - delete from t_user where id <=17448
2020-08-31 08:14:01:INFO main dbsync.MySQLSync.MySQLSync - delete from t_user where id <=17488
2020-08-31 08:14:03:INFO main dbsync.MySQLSync.MySQLSync - delete from t_user where id <=17528
2020-08-31 08:14:04:INFO main dbsync.MySQLSync.MySQLSync - delete from t_user where id <=17568
2020-08-31 08:14:05:INFO main dbsync.MySQLSync.MySQLSync - delete from t_user where id <=17608
2020-08-31 08:14:06:INFO main dbsync.MySQLSync.MySQLSync - delete from t_user where id <=17648
2020-08-31 08:14:07:INFO main dbsync.MySQLSync.MySQLSync - 源数据删除完毕！
2020-08-31 08:14:07:INFO main dbsync.task.JobTask - 执行耗时: 62224ms
2020-08-31 08:14:07:INFO main dbsync.task.JobTask - 关闭源数据库连接
2020-08-31 08:14:07:ERROR main dbsync.task.JobTask - 数据库连接关闭
2020-08-31 08:14:07:INFO main dbsync.task.JobTask - 关闭目标数据库连接
2020-08-31 08:14:07:ERROR main dbsync.task.JobTask - 数据库连接关闭
2020-08-31 08:14:07:INFO main dbsync.build.DBSyncBuilder - 同步数据结束===>>>2020-08-31 20:14:07
2020-08-31 08:20:02:INFO main dbsync.build.DBSyncBuilder - 同步数据开始===>>>2020-08-31 20:20:02
2020-08-31 08:20:02:INFO main dbsync.build.DBSyncBuilder - 0/5 * * * * ?
2020-08-31 08:20:02:INFO main dbsync.task.JobTask - 开始任务执行: 2020-08-31 20:20:02
2020-08-31 08:20:03:INFO main dbsync.MySQLSync.MySQLSync - delete from t_user where id <=22805
2020-08-31 08:20:03:INFO main dbsync.MySQLSync.MySQLSync - delete from t_user where id <=22845
2020-08-31 08:20:04:INFO main dbsync.MySQLSync.MySQLSync - delete from t_user where id <=22885
2020-08-31 08:20:04:INFO main dbsync.MySQLSync.MySQLSync - delete from t_user where id <=22925
2020-08-31 08:20:05:INFO main dbsync.MySQLSync.MySQLSync - delete from t_user where id <=22965
2020-08-31 08:20:05:INFO main dbsync.MySQLSync.MySQLSync - delete from t_user where id <=23005
2020-08-31 08:20:06:INFO main dbsync.MySQLSync.MySQLSync - delete from t_user where id <=23045
2020-08-31 08:20:06:INFO main dbsync.MySQLSync.MySQLSync - delete from t_user where id <=23085
2020-08-31 08:20:07:INFO main dbsync.MySQLSync.MySQLSync - delete from t_user where id <=23125
2020-08-31 08:20:07:INFO main dbsync.MySQLSync.MySQLSync - delete from t_user where id <=23165
2020-08-31 08:20:07:INFO main dbsync.MySQLSync.MySQLSync - delete from t_user where id <=23205
2020-08-31 08:20:08:INFO main dbsync.MySQLSync.MySQLSync - delete from t_user where id <=23245
2020-08-31 08:20:09:INFO main dbsync.MySQLSync.MySQLSync - delete from t_user where id <=23285
2020-08-31 08:20:09:INFO main dbsync.MySQLSync.MySQLSync - delete from t_user where id <=23325
2020-08-31 08:20:09:INFO main dbsync.MySQLSync.MySQLSync - delete from t_user where id <=23365
2020-08-31 08:20:10:INFO main dbsync.MySQLSync.MySQLSync - delete from t_user where id <=23405
2020-08-31 08:20:10:INFO main dbsync.MySQLSync.MySQLSync - delete from t_user where id <=23445
2020-08-31 08:20:11:INFO main dbsync.MySQLSync.MySQLSync - delete from t_user where id <=23485
2020-08-31 08:20:11:INFO main dbsync.MySQLSync.MySQLSync - delete from t_user where id <=23525
2020-08-31 08:20:12:INFO main dbsync.MySQLSync.MySQLSync - delete from t_user where id <=23565
2020-08-31 08:20:12:INFO main dbsync.MySQLSync.MySQLSync - delete from t_user where id <=23605
2020-08-31 08:20:12:INFO main dbsync.MySQLSync.MySQLSync - delete from t_user where id <=23645
2020-08-31 08:20:13:INFO main dbsync.MySQLSync.MySQLSync - delete from t_user where id <=23685
2020-08-31 08:20:13:INFO main dbsync.MySQLSync.MySQLSync - delete from t_user where id <=23725
2020-08-31 08:20:14:INFO main dbsync.MySQLSync.MySQLSync - delete from t_user where id <=23765
2020-08-31 08:20:14:INFO main dbsync.MySQLSync.MySQLSync - delete from t_user where id <=23805
2020-08-31 08:20:15:INFO main dbsync.MySQLSync.MySQLSync - delete from t_user where id <=23845
2020-08-31 08:20:15:INFO main dbsync.MySQLSync.MySQLSync - delete from t_user where id <=23885
2020-08-31 08:24:27:INFO main dbsync.build.DBSyncBuilder - 同步数据开始===>>>2020-08-31 20:24:27
2020-08-31 08:24:27:INFO main dbsync.build.DBSyncBuilder - 0/5 * * * * ?
2020-08-31 08:24:27:INFO main dbsync.task.JobTask - 开始任务执行: 2020-08-31 20:24:27
2020-08-31 08:24:28:INFO main dbsync.MySQLSync.MySQLSync - delete from t_user where id <=23923
2020-08-31 08:24:28:INFO main dbsync.MySQLSync.MySQLSync - delete from t_user where id <=23963
2020-08-31 08:24:28:INFO main dbsync.MySQLSync.MySQLSync - delete from t_user where id <=24003
2020-08-31 08:24:29:INFO main dbsync.MySQLSync.MySQLSync - delete from t_user where id <=24043
2020-08-31 08:24:29:INFO main dbsync.MySQLSync.MySQLSync - delete from t_user where id <=24083
2020-08-31 08:24:30:INFO main dbsync.MySQLSync.MySQLSync - delete from t_user where id <=24123
2020-08-31 08:24:30:INFO main dbsync.MySQLSync.MySQLSync - 源数据删除完毕！
2020-08-31 08:24:30:INFO main dbsync.task.JobTask - 执行耗时: 3000ms
2020-08-31 08:24:30:INFO main dbsync.task.JobTask - 关闭源数据库连接
2020-08-31 08:24:30:ERROR main dbsync.task.JobTask - 数据库连接关闭
2020-08-31 08:24:30:INFO main dbsync.task.JobTask - 关闭目标数据库连接
2020-08-31 08:24:30:ERROR main dbsync.task.JobTask - 数据库连接关闭
2020-08-31 08:24:30:INFO main dbsync.build.DBSyncBuilder - 同步数据结束===>>>2020-08-31 20:24:30
2020-08-31 08:25:30:INFO main dbsync.build.DBSyncBuilder - 同步数据开始===>>>2020-08-31 20:25:30
2020-08-31 08:25:30:INFO main dbsync.build.DBSyncBuilder - 0/5 * * * * ?
2020-08-31 08:25:30:INFO main dbsync.task.JobTask - 开始任务执行: 2020-08-31 20:25:30
2020-08-31 08:25:30:INFO main dbsync.MySQLSync.MySQLSync - 源数据删除完毕！
2020-08-31 08:25:30:INFO main dbsync.task.JobTask - 执行耗时: 295ms
2020-08-31 08:25:30:INFO main dbsync.task.JobTask - 关闭源数据库连接
2020-08-31 08:25:30:ERROR main dbsync.task.JobTask - 数据库连接关闭
2020-08-31 08:25:30:INFO main dbsync.task.JobTask - 关闭目标数据库连接
2020-08-31 08:25:30:ERROR main dbsync.task.JobTask - 数据库连接关闭
2020-08-31 08:25:30:INFO main dbsync.build.DBSyncBuilder - 同步数据结束===>>>2020-08-31 20:25:30
2020-08-31 08:26:01:INFO main dbsync.build.DBSyncBuilder - 同步数据开始===>>>2020-08-31 20:26:01
2020-08-31 08:26:01:INFO main dbsync.build.DBSyncBuilder - 0/5 * * * * ?
2020-08-31 08:26:01:INFO main dbsync.task.JobTask - 开始任务执行: 2020-08-31 20:26:01
2020-08-31 08:26:02:INFO main dbsync.MySQLSync.MySQLSync - 源数据删除完毕！
2020-08-31 08:26:02:INFO main dbsync.task.JobTask - 执行耗时: 439ms
2020-08-31 08:26:02:INFO main dbsync.task.JobTask - 关闭源数据库连接
2020-08-31 08:26:02:ERROR main dbsync.task.JobTask - 数据库连接关闭
2020-08-31 08:26:02:INFO main dbsync.task.JobTask - 关闭目标数据库连接
2020-08-31 08:26:02:ERROR main dbsync.task.JobTask - 数据库连接关闭
2020-08-31 08:26:02:INFO main dbsync.build.DBSyncBuilder - 同步数据结束===>>>2020-08-31 20:26:02
2020-08-31 08:37:42:INFO main dbsync.build.DBSyncBuilder - 同步数据开始===>>>2020-08-31 20:37:42
2020-08-31 08:37:42:INFO main dbsync.build.DBSyncBuilder - 0/5 * * * * ?
2020-08-31 08:37:42:INFO main dbsync.task.JobTask - 开始任务执行: 2020-08-31 20:37:42
2020-08-31 08:37:43:ERROR main dbsync.task.JobTask - [4500000001]1 Unknown column 'age' in 'field list'
2020-08-31 08:37:43:ERROR main dbsync.task.JobTask - [4500000001]1  SQL执行出错，请检查是否存在语法错误
2020-08-31 08:37:43:INFO main dbsync.task.JobTask - 关闭源数据库连接
2020-08-31 08:37:43:ERROR main dbsync.task.JobTask - 数据库连接关闭
2020-08-31 08:37:43:INFO main dbsync.task.JobTask - 关闭目标数据库连接
2020-08-31 08:37:43:ERROR main dbsync.task.JobTask - 数据库连接关闭
2020-08-31 08:38:38:INFO main dbsync.build.DBSyncBuilder - 同步数据开始===>>>2020-08-31 20:38:38
2020-08-31 08:38:38:INFO main dbsync.build.DBSyncBuilder - 0/5 * * * * ?
2020-08-31 08:38:38:INFO main dbsync.task.JobTask - 开始任务执行: 2020-08-31 20:38:38
2020-08-31 08:38:38:INFO main dbsync.MySQLSync.MySQLSync - delete from t_user where id <=24179
2020-08-31 08:38:39:INFO main dbsync.MySQLSync.MySQLSync - delete from t_user where id <=24219
2020-08-31 08:38:39:INFO main dbsync.MySQLSync.MySQLSync - delete from t_user where id <=24259
2020-08-31 08:38:39:INFO main dbsync.MySQLSync.MySQLSync - delete from t_user where id <=24299
2020-08-31 08:38:40:INFO main dbsync.MySQLSync.MySQLSync - delete from t_user where id <=24339
2020-08-31 08:38:40:INFO main dbsync.MySQLSync.MySQLSync - delete from t_user where id <=24379
2020-08-31 08:38:41:INFO main dbsync.MySQLSync.MySQLSync - delete from t_user where id <=24419
2020-08-31 08:38:41:INFO main dbsync.MySQLSync.MySQLSync - delete from t_user where id <=24459
2020-08-31 08:38:41:INFO main dbsync.MySQLSync.MySQLSync - delete from t_user where id <=24499
2020-08-31 08:38:42:INFO main dbsync.MySQLSync.MySQLSync - delete from t_user where id <=24539
2020-08-31 08:38:42:INFO main dbsync.MySQLSync.MySQLSync - delete from t_user where id <=24579
2020-08-31 08:38:43:INFO main dbsync.MySQLSync.MySQLSync - delete from t_user where id <=24619
2020-08-31 08:38:43:INFO main dbsync.MySQLSync.MySQLSync - delete from t_user where id <=24659
2020-08-31 08:38:44:INFO main dbsync.MySQLSync.MySQLSync - delete from t_user where id <=24699
2020-08-31 08:38:44:INFO main dbsync.MySQLSync.MySQLSync - delete from t_user where id <=24739
2020-08-31 08:38:44:INFO main dbsync.MySQLSync.MySQLSync - delete from t_user where id <=24779
2020-08-31 08:38:45:INFO main dbsync.MySQLSync.MySQLSync - delete from t_user where id <=24819
2020-08-31 08:38:45:INFO main dbsync.MySQLSync.MySQLSync - delete from t_user where id <=24859
2020-08-31 08:38:46:INFO main dbsync.MySQLSync.MySQLSync - delete from t_user where id <=24899
2020-08-31 08:38:46:INFO main dbsync.MySQLSync.MySQLSync - delete from t_user where id <=24939
2020-08-31 08:38:47:INFO main dbsync.MySQLSync.MySQLSync - delete from t_user where id <=24979
2020-08-31 08:38:47:INFO main dbsync.MySQLSync.MySQLSync - delete from t_user where id <=25019
2020-08-31 08:38:47:INFO main dbsync.MySQLSync.MySQLSync - delete from t_user where id <=25059
2020-08-31 08:38:48:INFO main dbsync.MySQLSync.MySQLSync - delete from t_user where id <=25099
2020-08-31 08:38:48:INFO main dbsync.MySQLSync.MySQLSync - delete from t_user where id <=25139
2020-08-31 08:38:49:INFO main dbsync.MySQLSync.MySQLSync - delete from t_user where id <=25179
2020-08-31 08:38:49:INFO main dbsync.MySQLSync.MySQLSync - delete from t_user where id <=25219
2020-08-31 08:38:49:INFO main dbsync.MySQLSync.MySQLSync - delete from t_user where id <=25259
2020-08-31 08:38:50:INFO main dbsync.MySQLSync.MySQLSync - delete from t_user where id <=25299
2020-08-31 08:38:50:INFO main dbsync.MySQLSync.MySQLSync - delete from t_user where id <=25339
2020-08-31 08:38:51:INFO main dbsync.MySQLSync.MySQLSync - delete from t_user where id <=25379
2020-08-31 08:38:51:INFO main dbsync.MySQLSync.MySQLSync - delete from t_user where id <=25419
2020-08-31 08:38:52:INFO main dbsync.MySQLSync.MySQLSync - delete from t_user where id <=25459
2020-08-31 08:38:52:INFO main dbsync.MySQLSync.MySQLSync - delete from t_user where id <=25499
2020-08-31 08:38:53:INFO main dbsync.MySQLSync.MySQLSync - delete from t_user where id <=25539
2020-08-31 08:38:53:INFO main dbsync.MySQLSync.MySQLSync - delete from t_user where id <=25579
2020-08-31 08:38:54:INFO main dbsync.MySQLSync.MySQLSync - 源数据删除完毕！
2020-08-31 08:38:54:INFO main dbsync.task.JobTask - 执行耗时: 15955ms
2020-08-31 08:38:54:INFO main dbsync.task.JobTask - 关闭源数据库连接
2020-08-31 08:38:54:ERROR main dbsync.task.JobTask - 数据库连接关闭
2020-08-31 08:38:54:INFO main dbsync.task.JobTask - 关闭目标数据库连接
2020-08-31 08:38:54:ERROR main dbsync.task.JobTask - 数据库连接关闭
2020-08-31 08:38:54:INFO main dbsync.build.DBSyncBuilder - 同步数据结束===>>>2020-08-31 20:38:54
